# JRE version: Java(TM) SE Runtime Environment (9.0+11) (build 9.0.4+11)
# Java VM: Java HotSpot(TM) 64-Bit Server VM (9.0.4+11, mixed mode, tiered, compressed oops, g1 gc, linux-amd64)
Heap:
 garbage-first heap   total 687104K, used 2088K [0x0000000085000000, 0x00000000851014f8, 0x0000000100000000)
  region size 1024K, 1 young (1024K), 1 survivors (1024K)
 Metaspace       used 8010K, capacity 8214K, committed 8448K, reserved 1056768K
  class space    used 675K, capacity 734K, committed 768K, reserved 1048576K
GC Heap History (10 events):
Event: 27.180 GC heap after
{Heap after GC invocations=46 (full 0):
 garbage-first heap   total 200704K, used 2078K [0x0000000085000000, 0x0000000085100620, 0x0000000100000000)
  region size 1024K, 1 young (1024K), 1 survivors (1024K)
 Metaspace       used 8010K, capacity 8214K, committed 8448K, reserved 1056768K
  class space    used 675K, capacity 734K, committed 768K, reserved 1048576K
}
Event: 27.526 GC heap before
{Heap before GC invocations=46 (full 0):
 garbage-first heap   total 200704K, used 120862K [0x0000000085000000, 0x0000000085100620, 0x0000000100000000)
  region size 1024K, 117 young (119808K), 1 survivors (1024K)
 Metaspace       used 8010K, capacity 8214K, committed 8448K, reserved 1056768K
  class space    used 675K, capacity 734K, committed 768K, reserved 1048576K
}
Event: 27.550 GC heap after
{Heap after GC invocations=47 (full 0):
 garbage-first heap   total 241664K, used 2083K [0x0000000085000000, 0x0000000085100760, 0x0000000100000000)
  region size 1024K, 1 young (1024K), 1 survivors (1024K)
 Metaspace       used 8010K, capacity 8214K, committed 8448K, reserved 1056768K
  class space    used 675K, capacity 734K, committed 768K, reserved 1048576K
}
Event: 38.947 GC heap before
{Heap before GC invocations=47 (full 0):
 garbage-first heap   total 241664K, used 145443K [0x0000000085000000, 0x0000000085100760, 0x0000000100000000)
  region size 1024K, 141 young (144384K), 1 survivors (1024K)
 Metaspace       used 8010K, capacity 8214K, committed 8448K, reserved 1056768K
  class space    used 675K, capacity 734K, committed 768K, reserved 1048576K
}
Event: 40.079 GC heap after
{Heap after GC invocations=48 (full 0):
 garbage-first heap   total 241664K, used 2091K [0x0000000085000000, 0x0000000085100760, 0x0000000100000000)
  region size 1024K, 1 young (1024K), 1 survivors (1024K)
 Metaspace       used 8010K, capacity 8214K, committed 8448K, reserved 1056768K
  class space    used 675K, capacity 734K, committed 768K, reserved 1048576K
}
Event: 40.917 GC heap before
{Heap before GC invocations=48 (full 0):
 garbage-first heap   total 241664K, used 145451K [0x0000000085000000, 0x0000000085100760, 0x0000000100000000)
  region size 1024K, 141 young (144384K), 1 survivors (1024K)
 Metaspace       used 8010K, capacity 8214K, committed 8448K, reserved 1056768K
  class space    used 675K, capacity 734K, committed 768K, reserved 1048576K
}
Event: 42.032 GC heap after
{Heap after GC invocations=49 (full 0):
 garbage-first heap   total 241664K, used 2087K [0x0000000085000000, 0x0000000085100760, 0x0000000100000000)
  region size 1024K, 1 young (1024K), 1 survivors (1024K)
 Metaspace       used 8010K, capacity 8214K, committed 8448K, reserved 1056768K
  class space    used 675K, capacity 734K, committed 768K, reserved 1048576K
}
Event: 43.317 GC heap before
{Heap before GC invocations=49 (full 0):
 garbage-first heap   total 241664K, used 12327K [0x0000000085000000, 0x0000000085100760, 0x0000000100000000)
  region size 1024K, 11 young (11264K), 1 survivors (1024K)
 Metaspace       used 8010K, capacity 8214K, committed 8448K, reserved 1056768K
  class space    used 675K, capacity 734K, committed 768K, reserved 1048576K
}
Event: 43.531 GC heap after
{Heap after GC invocations=50 (full 0):
 garbage-first heap   total 241664K, used 2088K [0x0000000085000000, 0x0000000085100760, 0x0000000100000000)
  region size 1024K, 1 young (1024K), 1 survivors (1024K)
 Metaspace       used 8010K, capacity 8214K, committed 8448K, reserved 1056768K
  class space    used 675K, capacity 734K, committed 768K, reserved 1048576K
}
Event: 43.822 GC heap before
{Heap before GC invocations=50 (full 0):
 garbage-first heap   total 241664K, used 27688K [0x0000000085000000, 0x0000000085100760, 0x0000000100000000)
  region size 1024K, 26 young (26624K), 1 survivors (1024K)
 Metaspace       used 8010K, capacity 8214K, committed 8448K, reserved 1056768K
  class space    used 675K, capacity 734K, committed 768K, reserved 1048576K
}

