# JRE version: Java(TM) SE Runtime Environment (9.0+11) (build 9.0.4+11)
# Java VM: Java HotSpot(TM) 64-Bit Server VM (9.0.4+11, mixed mode, tiered, compressed oops, g1 gc, linux-amd64)
Heap:
 garbage-first heap   total 727040K, used 2101K [0x0000000085000000, 0x0000000085101630, 0x0000000100000000)
  region size 1024K, 1 young (1024K), 1 survivors (1024K)
 Metaspace       used 8098K, capacity 8312K, committed 8448K, reserved 1056768K
  class space    used 687K, capacity 745K, committed 768K, reserved 1048576K
GC Heap History (10 events):
Event: 51.424 GC heap after
{Heap after GC invocations=208 (full 0):
 garbage-first heap   total 404480K, used 2101K [0x0000000085000000, 0x0000000085100c58, 0x0000000100000000)
  region size 1024K, 1 young (1024K), 1 survivors (1024K)
 Metaspace       used 8098K, capacity 8312K, committed 8448K, reserved 1056768K
  class space    used 687K, capacity 745K, committed 768K, reserved 1048576K
}
Event: 61.046 GC heap before
{Heap before GC invocations=208 (full 0):
 garbage-first heap   total 404480K, used 243765K [0x0000000085000000, 0x0000000085100c58, 0x0000000100000000)
  region size 1024K, 237 young (242688K), 1 survivors (1024K)
 Metaspace       used 8098K, capacity 8312K, committed 8448K, reserved 1056768K
  class space    used 687K, capacity 745K, committed 768K, reserved 1048576K
}
Event: 61.539 GC heap after
{Heap after GC invocations=209 (full 0):
 garbage-first heap   total 404480K, used 2105K [0x0000000085000000, 0x0000000085100c58, 0x0000000100000000)
  region size 1024K, 1 young (1024K), 1 survivors (1024K)
 Metaspace       used 8098K, capacity 8312K, committed 8448K, reserved 1056768K
  class space    used 687K, capacity 745K, committed 768K, reserved 1048576K
}
Event: 71.974 GC heap before
{Heap before GC invocations=209 (full 0):
 garbage-first heap   total 404480K, used 243769K [0x0000000085000000, 0x0000000085100c58, 0x0000000100000000)
  region size 1024K, 237 young (242688K), 1 survivors (1024K)
 Metaspace       used 8098K, capacity 8312K, committed 8448K, reserved 1056768K
  class space    used 687K, capacity 745K, committed 768K, reserved 1048576K
}
Event: 72.548 GC heap after
{Heap after GC invocations=210 (full 0):
 garbage-first heap   total 404480K, used 2107K [0x0000000085000000, 0x0000000085100c58, 0x0000000100000000)
  region size 1024K, 1 young (1024K), 1 survivors (1024K)
 Metaspace       used 8098K, capacity 8312K, committed 8448K, reserved 1056768K
  class space    used 687K, capacity 745K, committed 768K, reserved 1048576K
}
Event: 78.072 GC heap before
{Heap before GC invocations=210 (full 0):
 garbage-first heap   total 404480K, used 243771K [0x0000000085000000, 0x0000000085100c58, 0x0000000100000000)
  region size 1024K, 237 young (242688K), 1 survivors (1024K)
 Metaspace       used 8098K, capacity 8312K, committed 8448K, reserved 1056768K
  class space    used 687K, capacity 745K, committed 768K, reserved 1048576K
}
Event: 78.801 GC heap after
{Heap after GC invocations=211 (full 0):
 garbage-first heap   total 404480K, used 2095K [0x0000000085000000, 0x0000000085100c58, 0x0000000100000000)
  region size 1024K, 1 young (1024K), 1 survivors (1024K)
 Metaspace       used 8098K, capacity 8312K, committed 8448K, reserved 1056768K
  class space    used 687K, capacity 745K, committed 768K, reserved 1048576K
}
Event: 84.680 GC heap before
{Heap before GC invocations=211 (full 0):
 garbage-first heap   total 404480K, used 243759K [0x0000000085000000, 0x0000000085100c58, 0x0000000100000000)
  region size 1024K, 237 young (242688K), 1 survivors (1024K)
 Metaspace       used 8098K, capacity 8312K, committed 8448K, reserved 1056768K
  class space    used 687K, capacity 745K, committed 768K, reserved 1048576K
}
Event: 85.776 GC heap after
{Heap after GC invocations=212 (full 0):
 garbage-first heap   total 404480K, used 2111K [0x0000000085000000, 0x0000000085100c58, 0x0000000100000000)
  region size 1024K, 1 young (1024K), 1 survivors (1024K)
 Metaspace       used 8098K, capacity 8312K, committed 8448K, reserved 1056768K
  class space    used 687K, capacity 745K, committed 768K, reserved 1048576K
}
Event: 92.466 GC heap before
{Heap before GC invocations=212 (full 0):
 garbage-first heap   total 404480K, used 243775K [0x0000000085000000, 0x0000000085100c58, 0x0000000100000000)
  region size 1024K, 237 young (242688K), 1 survivors (1024K)
 Metaspace       used 8098K, capacity 8312K, committed 8448K, reserved 1056768K
  class space    used 687K, capacity 745K, committed 768K, reserved 1048576K
}

